<?xml version="1.0" encoding="UTF-8"?>
<coverage generated="1563916623854" clover="3.2.0">
  <project timestamp="1563916623854" name="All files">
    <metrics statements="37" coveredstatements="36" conditionals="8" coveredconditionals="7" methods="16" coveredmethods="16" elements="61" coveredelements="59" complexity="0" loc="37" ncloc="37" packages="1" files="5" classes="5"/>
    <file name="arrayAnalysis.js" path="/Users/pc/Documents/GitHub/testing-in-js/src/arrayAnalysis.js">
      <metrics statements="11" coveredstatements="11" conditionals="2" coveredconditionals="2" methods="6" coveredmethods="6"/>
      <line num="1" count="36" type="stmt"/>
      <line num="3" count="12" type="stmt"/>
      <line num="5" count="12" type="stmt"/>
      <line num="7" count="12" type="stmt"/>
      <line num="9" count="1" type="stmt"/>
      <line num="10" count="16" type="stmt"/>
      <line num="11" count="16" type="cond" truecount="2" falsecount="0"/>
      <line num="12" count="4" type="stmt"/>
      <line num="19" count="12" type="stmt"/>
      <line num="26" count="16" type="stmt"/>
      <line num="29" count="1" type="stmt"/>
    </file>
    <file name="caesarCipher.js" path="/Users/pc/Documents/GitHub/testing-in-js/src/caesarCipher.js">
      <metrics statements="16" coveredstatements="15" conditionals="6" coveredconditionals="5" methods="4" coveredmethods="4"/>
      <line num="1" count="19" type="stmt"/>
      <line num="3" count="8" type="stmt"/>
      <line num="5" count="1" type="stmt"/>
      <line num="6" count="29" type="stmt"/>
      <line num="8" count="1" type="stmt"/>
      <line num="9" count="6" type="stmt"/>
      <line num="12" count="6" type="stmt"/>
      <line num="13" count="29" type="cond" truecount="2" falsecount="0"/>
      <line num="14" count="10" type="stmt"/>
      <line num="15" count="19" type="cond" truecount="2" falsecount="0"/>
      <line num="16" count="11" type="stmt"/>
      <line num="17" count="8" type="cond" truecount="1" falsecount="1"/>
      <line num="18" count="8" type="stmt"/>
      <line num="20" count="0" type="stmt"/>
      <line num="24" count="6" type="stmt"/>
      <line num="27" count="1" type="stmt"/>
    </file>
    <file name="calculator.js" path="/Users/pc/Documents/GitHub/testing-in-js/src/calculator.js">
      <metrics statements="6" coveredstatements="6" conditionals="0" coveredconditionals="0" methods="4" coveredmethods="4"/>
      <line num="1" count="1" type="stmt"/>
      <line num="2" count="1" type="stmt"/>
      <line num="3" count="1" type="stmt"/>
      <line num="4" count="1" type="stmt"/>
      <line num="5" count="1" type="stmt"/>
      <line num="8" count="1" type="stmt"/>
    </file>
    <file name="capitalize.js" path="/Users/pc/Documents/GitHub/testing-in-js/src/capitalize.js">
      <metrics statements="2" coveredstatements="2" conditionals="0" coveredconditionals="0" methods="1" coveredmethods="1"/>
      <line num="2" count="4" type="stmt"/>
      <line num="5" count="1" type="stmt"/>
    </file>
    <file name="reverseString.js" path="/Users/pc/Documents/GitHub/testing-in-js/src/reverseString.js">
      <metrics statements="2" coveredstatements="2" conditionals="0" coveredconditionals="0" methods="1" coveredmethods="1"/>
      <line num="1" count="2" type="stmt"/>
      <line num="3" count="1" type="stmt"/>
    </file>
  </project>
</coverage>
