{"/home/cjmbytes/Code/Projects/microver-projects/JavaScript/testing-in-js/src/arrayAnalysis.js": {"path":"/home/cjmbytes/Code/Projects/microver-projects/JavaScript/testing-in-js/src/arrayAnalysis.js","statementMap":{"0":{"start":{"line":1,"column":16},"end":{"line":1,"column":68}},"1":{"start":{"line":1,"column":23},"end":{"line":1,"column":68}},"2":{"start":{"line":1,"column":45},"end":{"line":1,"column":50}},"3":{"start":{"line":3,"column":12},"end":{"line":3,"column":35}},"4":{"start":{"line":3,"column":19},"end":{"line":3,"column":35}},"5":{"start":{"line":5,"column":12},"end":{"line":5,"column":35}},"6":{"start":{"line":5,"column":19},"end":{"line":5,"column":35}},"7":{"start":{"line":7,"column":12},"end":{"line":7,"column":29}},"8":{"start":{"line":7,"column":19},"end":{"line":7,"column":29}},"9":{"start":{"line":9,"column":16},"end":{"line":27,"column":1}},"10":{"start":{"line":10,"column":16},"end":{"line":10,"column":18}},"11":{"start":{"line":11,"column":2},"end":{"line":25,"column":3}},"12":{"start":{"line":12,"column":4},"end":{"line":17,"column":6}},"13":{"start":{"line":19,"column":4},"end":{"line":24,"column":6}},"14":{"start":{"line":26,"column":2},"end":{"line":26,"column":17}},"15":{"start":{"line":29,"column":0},"end":{"line":29,"column":25}}},"fnMap":{"0":{"name":"(anonymous_0)","decl":{"start":{"line":1,"column":16},"end":{"line":1,"column":17}},"loc":{"start":{"line":1,"column":23},"end":{"line":1,"column":68}},"line":1},"1":{"name":"(anonymous_1)","decl":{"start":{"line":1,"column":35},"end":{"line":1,"column":36}},"loc":{"start":{"line":1,"column":45},"end":{"line":1,"column":50}},"line":1},"2":{"name":"(anonymous_2)","decl":{"start":{"line":3,"column":12},"end":{"line":3,"column":13}},"loc":{"start":{"line":3,"column":19},"end":{"line":3,"column":35}},"line":3},"3":{"name":"(anonymous_3)","decl":{"start":{"line":5,"column":12},"end":{"line":5,"column":13}},"loc":{"start":{"line":5,"column":19},"end":{"line":5,"column":35}},"line":5},"4":{"name":"(anonymous_4)","decl":{"start":{"line":7,"column":12},"end":{"line":7,"column":13}},"loc":{"start":{"line":7,"column":19},"end":{"line":7,"column":29}},"line":7},"5":{"name":"(anonymous_5)","decl":{"start":{"line":9,"column":16},"end":{"line":9,"column":17}},"loc":{"start":{"line":9,"column":25},"end":{"line":27,"column":1}},"line":9}},"branchMap":{"0":{"loc":{"start":{"line":11,"column":2},"end":{"line":25,"column":3}},"type":"if","locations":[{"start":{"line":11,"column":2},"end":{"line":25,"column":3}},{"start":{"line":11,"column":2},"end":{"line":25,"column":3}}],"line":11}},"s":{"0":1,"1":12,"2":36,"3":1,"4":12,"5":1,"6":12,"7":1,"8":12,"9":1,"10":16,"11":16,"12":4,"13":12,"14":16,"15":1},"f":{"0":12,"1":36,"2":12,"3":12,"4":12,"5":16},"b":{"0":[4,12]},"_coverageSchema":"43e27e138ebf9cfc5966b082cf9a028302ed4184","hash":"ed1d483133d839adbaf0f1a0ccfa74579ce201ef"}
,"/home/cjmbytes/Code/Projects/microver-projects/JavaScript/testing-in-js/src/caesarCipher.js": {"path":"/home/cjmbytes/Code/Projects/microver-projects/JavaScript/testing-in-js/src/caesarCipher.js","statementMap":{"0":{"start":{"line":1,"column":20},"end":{"line":1,"column":55}},"1":{"start":{"line":1,"column":28},"end":{"line":1,"column":55}},"2":{"start":{"line":3,"column":20},"end":{"line":3,"column":55}},"3":{"start":{"line":3,"column":28},"end":{"line":3,"column":55}},"4":{"start":{"line":5,"column":15},"end":{"line":5,"column":53}},"5":{"start":{"line":6,"column":22},"end":{"line":6,"column":47}},"6":{"start":{"line":6,"column":30},"end":{"line":6,"column":47}},"7":{"start":{"line":8,"column":21},"end":{"line":25,"column":1}},"8":{"start":{"line":9,"column":18},"end":{"line":9,"column":20}},"9":{"start":{"line":12,"column":2},"end":{"line":22,"column":3}},"10":{"start":{"line":12,"column":15},"end":{"line":12,"column":16}},"11":{"start":{"line":13,"column":4},"end":{"line":21,"column":5}},"12":{"start":{"line":14,"column":6},"end":{"line":14,"column":29}},"13":{"start":{"line":15,"column":11},"end":{"line":21,"column":5}},"14":{"start":{"line":16,"column":6},"end":{"line":16,"column":88}},"15":{"start":{"line":17,"column":11},"end":{"line":21,"column":5}},"16":{"start":{"line":18,"column":6},"end":{"line":18,"column":88}},"17":{"start":{"line":20,"column":6},"end":{"line":20,"column":29}},"18":{"start":{"line":24,"column":2},"end":{"line":24,"column":19}},"19":{"start":{"line":27,"column":0},"end":{"line":27,"column":30}}},"fnMap":{"0":{"name":"(anonymous_0)","decl":{"start":{"line":1,"column":20},"end":{"line":1,"column":21}},"loc":{"start":{"line":1,"column":28},"end":{"line":1,"column":55}},"line":1},"1":{"name":"(anonymous_1)","decl":{"start":{"line":3,"column":20},"end":{"line":3,"column":21}},"loc":{"start":{"line":3,"column":28},"end":{"line":3,"column":55}},"line":3},"2":{"name":"(anonymous_2)","decl":{"start":{"line":6,"column":22},"end":{"line":6,"column":23}},"loc":{"start":{"line":6,"column":30},"end":{"line":6,"column":47}},"line":6},"3":{"name":"(anonymous_3)","decl":{"start":{"line":8,"column":21},"end":{"line":8,"column":22}},"loc":{"start":{"line":8,"column":38},"end":{"line":25,"column":1}},"line":8}},"branchMap":{"0":{"loc":{"start":{"line":13,"column":4},"end":{"line":21,"column":5}},"type":"if","locations":[{"start":{"line":13,"column":4},"end":{"line":21,"column":5}},{"start":{"line":13,"column":4},"end":{"line":21,"column":5}}],"line":13},"1":{"loc":{"start":{"line":15,"column":11},"end":{"line":21,"column":5}},"type":"if","locations":[{"start":{"line":15,"column":11},"end":{"line":21,"column":5}},{"start":{"line":15,"column":11},"end":{"line":21,"column":5}}],"line":15},"2":{"loc":{"start":{"line":17,"column":11},"end":{"line":21,"column":5}},"type":"if","locations":[{"start":{"line":17,"column":11},"end":{"line":21,"column":5}},{"start":{"line":17,"column":11},"end":{"line":21,"column":5}}],"line":17}},"s":{"0":1,"1":14,"2":1,"3":4,"4":1,"5":1,"6":16,"7":1,"8":3,"9":3,"10":3,"11":16,"12":2,"13":14,"14":10,"15":4,"16":4,"17":0,"18":3,"19":1},"f":{"0":14,"1":4,"2":16,"3":3},"b":{"0":[2,14],"1":[10,4],"2":[4,0]},"_coverageSchema":"43e27e138ebf9cfc5966b082cf9a028302ed4184","hash":"e33d178783fd3472913187218c13b40c9aaafcde"}
,"/home/cjmbytes/Code/Projects/microver-projects/JavaScript/testing-in-js/src/calculator.js": {"path":"/home/cjmbytes/Code/Projects/microver-projects/JavaScript/testing-in-js/src/calculator.js","statementMap":{"0":{"start":{"line":1,"column":19},"end":{"line":6,"column":1}},"1":{"start":{"line":2,"column":18},"end":{"line":2,"column":23}},"2":{"start":{"line":3,"column":23},"end":{"line":3,"column":28}},"3":{"start":{"line":4,"column":21},"end":{"line":4,"column":26}},"4":{"start":{"line":5,"column":23},"end":{"line":5,"column":28}},"5":{"start":{"line":8,"column":0},"end":{"line":8,"column":28}}},"fnMap":{"0":{"name":"(anonymous_0)","decl":{"start":{"line":2,"column":8},"end":{"line":2,"column":9}},"loc":{"start":{"line":2,"column":18},"end":{"line":2,"column":23}},"line":2},"1":{"name":"(anonymous_1)","decl":{"start":{"line":3,"column":13},"end":{"line":3,"column":14}},"loc":{"start":{"line":3,"column":23},"end":{"line":3,"column":28}},"line":3},"2":{"name":"(anonymous_2)","decl":{"start":{"line":4,"column":11},"end":{"line":4,"column":12}},"loc":{"start":{"line":4,"column":21},"end":{"line":4,"column":26}},"line":4},"3":{"name":"(anonymous_3)","decl":{"start":{"line":5,"column":13},"end":{"line":5,"column":14}},"loc":{"start":{"line":5,"column":23},"end":{"line":5,"column":28}},"line":5}},"branchMap":{},"s":{"0":1,"1":1,"2":1,"3":1,"4":1,"5":1},"f":{"0":1,"1":1,"2":1,"3":1},"b":{},"_coverageSchema":"43e27e138ebf9cfc5966b082cf9a028302ed4184","hash":"78ad9d50bc45b7279c93cbc8c8865e066c9ff321"}
,"/home/cjmbytes/Code/Projects/microver-projects/JavaScript/testing-in-js/src/capitalize.js": {"path":"/home/cjmbytes/Code/Projects/microver-projects/JavaScript/testing-in-js/src/capitalize.js","statementMap":{"0":{"start":{"line":2,"column":2},"end":{"line":2,"column":52}},"1":{"start":{"line":5,"column":0},"end":{"line":5,"column":28}}},"fnMap":{"0":{"name":"capitalize","decl":{"start":{"line":1,"column":9},"end":{"line":1,"column":19}},"loc":{"start":{"line":1,"column":25},"end":{"line":3,"column":1}},"line":1}},"branchMap":{},"s":{"0":4,"1":1},"f":{"0":4},"b":{},"_coverageSchema":"43e27e138ebf9cfc5966b082cf9a028302ed4184","hash":"5b624b439de18ff362b8d88b8c4df151607a557e"}
,"/home/cjmbytes/Code/Projects/microver-projects/JavaScript/testing-in-js/src/reverseString.js": {"path":"/home/cjmbytes/Code/Projects/microver-projects/JavaScript/testing-in-js/src/reverseString.js","statementMap":{"0":{"start":{"line":1,"column":22},"end":{"line":1,"column":61}},"1":{"start":{"line":1,"column":29},"end":{"line":1,"column":61}},"2":{"start":{"line":3,"column":0},"end":{"line":3,"column":31}}},"fnMap":{"0":{"name":"(anonymous_0)","decl":{"start":{"line":1,"column":22},"end":{"line":1,"column":23}},"loc":{"start":{"line":1,"column":29},"end":{"line":1,"column":61}},"line":1}},"branchMap":{},"s":{"0":1,"1":2,"2":1},"f":{"0":2},"b":{},"_coverageSchema":"43e27e138ebf9cfc5966b082cf9a028302ed4184","hash":"d35b46b80cf13117d3cc8a853cd6ae5eb108ee12"}
}
