TN:
SF:/home/cjmbytes/Code/Projects/microver-projects/JavaScript/testing-in-js/src/arrayAnalysis.js
FN:1,(anonymous_0)
FN:1,(anonymous_1)
FN:3,(anonymous_2)
FN:5,(anonymous_3)
FN:7,(anonymous_4)
FN:9,(anonymous_5)
FNF:6
FNH:6
FNDA:9,(anonymous_0)
FNDA:31,(anonymous_1)
FNDA:9,(anonymous_2)
FNDA:9,(anonymous_3)
FNDA:9,(anonymous_4)
FNDA:10,(anonymous_5)
DA:1,31
DA:3,9
DA:5,9
DA:7,9
DA:9,1
DA:10,10
DA:11,10
DA:12,1
DA:19,9
DA:26,10
DA:29,1
LF:11
LH:11
BRDA:11,0,0,1
BRDA:11,0,1,9
BRF:2
BRH:2
end_of_record
TN:
SF:/home/cjmbytes/Code/Projects/microver-projects/JavaScript/testing-in-js/src/caesarCipher.js
FN:1,(anonymous_0)
FN:3,(anonymous_1)
FN:6,(anonymous_2)
FN:8,(anonymous_3)
FNF:4
FNH:4
FNDA:14,(anonymous_0)
FNDA:4,(anonymous_1)
FNDA:16,(anonymous_2)
FNDA:3,(anonymous_3)
DA:1,14
DA:3,4
DA:5,1
DA:6,16
DA:8,1
DA:9,3
DA:12,3
DA:13,16
DA:14,2
DA:15,14
DA:16,10
DA:17,4
DA:18,4
DA:20,0
DA:24,3
DA:27,1
LF:16
LH:15
BRDA:13,0,0,2
BRDA:13,0,1,14
BRDA:15,1,0,10
BRDA:15,1,1,4
BRDA:17,2,0,4
BRDA:17,2,1,0
BRF:6
BRH:5
end_of_record
TN:
SF:/home/cjmbytes/Code/Projects/microver-projects/JavaScript/testing-in-js/src/calculator.js
FN:2,(anonymous_0)
FN:3,(anonymous_1)
FN:4,(anonymous_2)
FN:5,(anonymous_3)
FNF:4
FNH:4
FNDA:1,(anonymous_0)
FNDA:1,(anonymous_1)
FNDA:1,(anonymous_2)
FNDA:1,(anonymous_3)
DA:1,1
DA:2,1
DA:3,1
DA:4,1
DA:5,1
DA:8,1
LF:6
LH:6
BRF:0
BRH:0
end_of_record
TN:
SF:/home/cjmbytes/Code/Projects/microver-projects/JavaScript/testing-in-js/src/capitalize.js
FN:1,capitalize
FNF:1
FNH:1
FNDA:4,capitalize
DA:2,4
DA:5,1
LF:2
LH:2
BRF:0
BRH:0
end_of_record
TN:
SF:/home/cjmbytes/Code/Projects/microver-projects/JavaScript/testing-in-js/src/reverseString.js
FN:1,(anonymous_0)
FNF:1
FNH:1
FNDA:2,(anonymous_0)
DA:1,2
DA:3,1
LF:2
LH:2
BRF:0
BRH:0
end_of_record
